<?xml version="1.0" encoding="UTF-8"?>
<coverage generated="1721901465106" clover="3.2.0">
  <project timestamp="1721901465106" name="All files">
    <metrics statements="61" coveredstatements="55" conditionals="14" coveredconditionals="13" methods="25" coveredmethods="20" elements="100" coveredelements="88" complexity="0" loc="61" ncloc="61" packages="3" files="6" classes="6"/>
    <package name="components">
      <metrics statements="39" coveredstatements="37" conditionals="13" coveredconditionals="12" methods="12" coveredmethods="11"/>
      <file name="CardList.tsx" path="C:\Users\kate1\OneDrive\Документы\programming\RSReact\rs projects\react\react-rs\src\components\CardList.tsx">
        <metrics statements="16" coveredstatements="15" conditionals="4" coveredconditionals="4" methods="6" coveredmethods="5"/>
        <line num="140" count="1" type="stmt"/>
        <line num="141" count="1" type="stmt"/>
        <line num="144" count="1" type="stmt"/>
        <line num="152" count="1" type="stmt"/>
        <line num="157" count="3" type="stmt"/>
        <line num="158" count="3" type="stmt"/>
        <line num="159" count="0" type="stmt"/>
        <line num="162" count="3" type="stmt"/>
        <line num="163" count="2" type="cond" truecount="2" falsecount="0"/>
        <line num="164" count="1" type="stmt"/>
        <line num="166" count="1" type="stmt"/>
        <line num="170" count="3" type="stmt"/>
        <line num="178" count="4" type="stmt"/>
        <line num="184" count="2" type="stmt"/>
        <line num="187" count="2" type="stmt"/>
        <line num="206" count="1" type="stmt"/>
      </file>
      <file name="Pagination.tsx" path="C:\Users\kate1\OneDrive\Документы\programming\RSReact\rs projects\react\react-rs\src\components\Pagination.tsx">
        <metrics statements="7" coveredstatements="7" conditionals="2" coveredconditionals="2" methods="3" coveredmethods="3"/>
        <line num="4" count="1" type="stmt"/>
        <line num="9" count="7" type="stmt"/>
        <line num="10" count="7" type="stmt"/>
        <line num="12" count="7" type="stmt"/>
        <line num="19" count="1" type="stmt"/>
        <line num="29" count="1" type="stmt"/>
        <line num="41" count="1" type="stmt"/>
      </file>
      <file name="ProfilePage.tsx" path="C:\Users\kate1\OneDrive\Документы\programming\RSReact\rs projects\react\react-rs\src\components\ProfilePage.tsx">
        <metrics statements="12" coveredstatements="11" conditionals="7" coveredconditionals="6" methods="1" coveredmethods="1"/>
        <line num="2" count="1" type="stmt"/>
        <line num="8" count="1" type="stmt"/>
        <line num="9" count="3" type="stmt"/>
        <line num="10" count="3" type="cond" truecount="4" falsecount="0"/>
        <line num="12" count="3" type="cond" truecount="1" falsecount="0"/>
        <line num="13" count="1" type="stmt"/>
        <line num="21" count="2" type="cond" truecount="0" falsecount="1"/>
        <line num="22" count="0" type="stmt"/>
        <line num="25" count="2" type="cond" truecount="1" falsecount="0"/>
        <line num="26" count="1" type="stmt"/>
        <line num="29" count="1" type="stmt"/>
        <line num="43" count="1" type="stmt"/>
      </file>
      <file name="SearchSection.tsx" path="C:\Users\kate1\OneDrive\Документы\programming\RSReact\rs projects\react\react-rs\src\components\SearchSection.tsx">
        <metrics statements="4" coveredstatements="4" conditionals="0" coveredconditionals="0" methods="2" coveredmethods="2"/>
        <line num="9" count="1" type="stmt"/>
        <line num="14" count="2" type="stmt"/>
        <line num="20" count="1" type="stmt"/>
        <line num="28" count="1" type="stmt"/>
      </file>
    </package>
    <package name="services">
      <metrics statements="6" coveredstatements="4" conditionals="0" coveredconditionals="0" methods="3" coveredmethods="1"/>
      <file name="api.ts" path="C:\Users\kate1\OneDrive\Документы\programming\RSReact\rs projects\react\react-rs\src\services\api.ts">
        <metrics statements="6" coveredstatements="4" conditionals="0" coveredconditionals="0" methods="3" coveredmethods="1"/>
        <line num="1" count="1" type="stmt"/>
        <line num="4" count="1" type="stmt"/>
        <line num="7" count="1" type="stmt"/>
        <line num="13" count="0" type="stmt"/>
        <line num="16" count="0" type="stmt"/>
        <line num="21" count="1" type="stmt"/>
      </file>
    </package>
    <package name="store">
      <metrics statements="16" coveredstatements="14" conditionals="1" coveredconditionals="1" methods="10" coveredmethods="8"/>
      <file name="peopleSlice.ts" path="C:\Users\kate1\OneDrive\Документы\programming\RSReact\rs projects\react\react-rs\src\store\peopleSlice.ts">
        <metrics statements="16" coveredstatements="14" conditionals="1" coveredconditionals="1" methods="10" coveredmethods="8"/>
        <line num="1" count="2" type="stmt"/>
        <line num="13" count="2" type="stmt"/>
        <line num="22" count="2" type="stmt"/>
        <line num="27" count="1" type="stmt"/>
        <line num="30" count="0" type="stmt"/>
        <line num="33" count="0" type="stmt"/>
        <line num="36" count="1" type="stmt"/>
        <line num="39" count="1" type="stmt"/>
        <line num="42" count="3" type="cond" truecount="1" falsecount="0"/>
        <line num="43" count="1" type="stmt"/>
        <line num="45" count="3" type="stmt"/>
        <line num="49" count="1" type="stmt"/>
        <line num="50" count="1" type="stmt"/>
        <line num="54" count="1" type="stmt"/>
        <line num="59" count="2" type="stmt"/>
        <line num="70" count="2" type="stmt"/>
      </file>
    </package>
  </project>
</coverage>
