{"C:\\Users\\kate1\\OneDrive\\Документы\\programming\\RSReact\\rs projects\\react\\react-rs\\src\\ThemeContext.tsx": {"path":"C:\\Users\\kate1\\OneDrive\\Документы\\programming\\RSReact\\rs projects\\react\\react-rs\\src\\ThemeContext.tsx","statementMap":{"0":{"start":{"line":1,"column":0},"end":{"line":1,"column":66}},"1":{"start":{"line":8,"column":13},"end":{"line":10,"column":2}},"2":{"start":{"line":12,"column":64},"end":{"line":28,"column":1}},"3":{"start":{"line":15,"column":28},"end":{"line":15,"column":45}},"4":{"start":{"line":17,"column":22},"end":{"line":19,"column":3}},"5":{"start":{"line":18,"column":4},"end":{"line":18,"column":72}},"6":{"start":{"line":18,"column":29},"end":{"line":18,"column":69}},"7":{"start":{"line":21,"column":2},"end":{"line":27,"column":4}},"8":{"start":{"line":12,"column":13},"end":{"line":12,"column":64}}},"fnMap":{"0":{"name":"(anonymous_0)","decl":{"start":{"line":12,"column":64},"end":{"line":12,"column":65}},"loc":{"start":{"line":14,"column":5},"end":{"line":28,"column":1}}},"1":{"name":"(anonymous_1)","decl":{"start":{"line":17,"column":22},"end":{"line":17,"column":25}},"loc":{"start":{"line":17,"column":27},"end":{"line":19,"column":3}}},"2":{"name":"(anonymous_2)","decl":{"start":{"line":18,"column":13},"end":{"line":18,"column":14}},"loc":{"start":{"line":18,"column":29},"end":{"line":18,"column":69}}}},"branchMap":{"0":{"loc":{"start":{"line":18,"column":29},"end":{"line":18,"column":69}},"type":"cond-expr","locations":[{"start":{"line":18,"column":53},"end":{"line":18,"column":59}},{"start":{"line":18,"column":62},"end":{"line":18,"column":69}}]}},"s":{"0":1,"1":1,"2":1,"3":4,"4":4,"5":2,"6":2,"7":4,"8":1},"f":{"0":4,"1":2,"2":2},"b":{"0":[1,1]}}
,"C:\\Users\\kate1\\OneDrive\\Документы\\programming\\RSReact\\rs projects\\react\\react-rs\\src\\csvUtils.ts": {"path":"C:\\Users\\kate1\\OneDrive\\Документы\\programming\\RSReact\\rs projects\\react\\react-rs\\src\\csvUtils.ts","statementMap":{"0":{"start":{"line":3,"column":28},"end":{"line":26,"column":1}},"1":{"start":{"line":4,"column":17},"end":{"line":13,"column":4}},"2":{"start":{"line":14,"column":15},"end":{"line":23,"column":4}},"3":{"start":{"line":14,"column":40},"end":{"line":23,"column":4}},"4":{"start":{"line":25,"column":2},"end":{"line":25,"column":62}},"5":{"start":{"line":25,"column":38},"end":{"line":25,"column":49}},"6":{"start":{"line":3,"column":13},"end":{"line":3,"column":28}},"7":{"start":{"line":28,"column":29},"end":{"line":31,"column":1}},"8":{"start":{"line":29,"column":20},"end":{"line":29,"column":44}},"9":{"start":{"line":30,"column":2},"end":{"line":30,"column":68}},"10":{"start":{"line":28,"column":13},"end":{"line":28,"column":29}}},"fnMap":{"0":{"name":"(anonymous_0)","decl":{"start":{"line":3,"column":28},"end":{"line":3,"column":29}},"loc":{"start":{"line":3,"column":64},"end":{"line":26,"column":1}}},"1":{"name":"(anonymous_1)","decl":{"start":{"line":14,"column":30},"end":{"line":14,"column":31}},"loc":{"start":{"line":14,"column":40},"end":{"line":23,"column":4}}},"2":{"name":"(anonymous_2)","decl":{"start":{"line":25,"column":31},"end":{"line":25,"column":32}},"loc":{"start":{"line":25,"column":38},"end":{"line":25,"column":49}}},"3":{"name":"(anonymous_3)","decl":{"start":{"line":28,"column":29},"end":{"line":28,"column":30}},"loc":{"start":{"line":28,"column":63},"end":{"line":31,"column":1}}}},"branchMap":{},"s":{"0":1,"1":2,"2":2,"3":4,"4":2,"5":6,"6":1,"7":1,"8":1,"9":1,"10":1},"f":{"0":2,"1":4,"2":6,"3":1},"b":{}}
,"C:\\Users\\kate1\\OneDrive\\Документы\\programming\\RSReact\\rs projects\\react\\react-rs\\src\\components\\CardList.tsx": {"path":"C:\\Users\\kate1\\OneDrive\\Документы\\programming\\RSReact\\rs projects\\react\\react-rs\\src\\components\\CardList.tsx","statementMap":{"0":{"start":{"line":2,"column":0},"end":{"line":2,"column":43}},"1":{"start":{"line":3,"column":0},"end":{"line":3,"column":55}},"2":{"start":{"line":6,"column":0},"end":{"line":6,"column":64}},"3":{"start":{"line":14,"column":42},"end":{"line":66,"column":1}},"4":{"start":{"line":19,"column":19},"end":{"line":19,"column":32}},"5":{"start":{"line":20,"column":24},"end":{"line":21,"column":null}},"6":{"start":{"line":21,"column":26},"end":{"line":21,"column":52}},"7":{"start":{"line":24,"column":31},"end":{"line":30,"column":3}},"8":{"start":{"line":25,"column":4},"end":{"line":29,"column":5}},"9":{"start":{"line":26,"column":6},"end":{"line":26,"column":35}},"10":{"start":{"line":28,"column":6},"end":{"line":28,"column":42}},"11":{"start":{"line":32,"column":2},"end":{"line":65,"column":4}},"12":{"start":{"line":40,"column":14},"end":{"line":40,"column":37}},"13":{"start":{"line":46,"column":30},"end":{"line":46,"column":55}},"14":{"start":{"line":49,"column":20},"end":{"line":49,"column":66}},"15":{"start":{"line":68,"column":0},"end":{"line":68,"column":24}}},"fnMap":{"0":{"name":"(anonymous_0)","decl":{"start":{"line":14,"column":42},"end":{"line":14,"column":43}},"loc":{"start":{"line":18,"column":5},"end":{"line":66,"column":1}}},"1":{"name":"(anonymous_1)","decl":{"start":{"line":21,"column":4},"end":{"line":21,"column":5}},"loc":{"start":{"line":21,"column":26},"end":{"line":21,"column":52}}},"2":{"name":"(anonymous_2)","decl":{"start":{"line":24,"column":31},"end":{"line":24,"column":32}},"loc":{"start":{"line":24,"column":73},"end":{"line":30,"column":3}}},"3":{"name":"(anonymous_3)","decl":{"start":{"line":39,"column":24},"end":{"line":39,"column":25}},"loc":{"start":{"line":40,"column":14},"end":{"line":40,"column":37}}},"4":{"name":"(anonymous_4)","decl":{"start":{"line":46,"column":20},"end":{"line":46,"column":21}},"loc":{"start":{"line":46,"column":30},"end":{"line":46,"column":55}}},"5":{"name":"(anonymous_5)","decl":{"start":{"line":48,"column":28},"end":{"line":48,"column":29}},"loc":{"start":{"line":49,"column":20},"end":{"line":49,"column":66}}}},"branchMap":{"0":{"loc":{"start":{"line":25,"column":4},"end":{"line":29,"column":5}},"type":"if","locations":[{"start":{"line":25,"column":4},"end":{"line":29,"column":5}},{"start":{"line":27,"column":11},"end":{"line":29,"column":5}}]},"1":{"loc":{"start":{"line":34,"column":7},"end":{"line":62,"column":null}},"type":"cond-expr","locations":[{"start":{"line":35,"column":8},"end":{"line":35,"column":49}},{"start":{"line":37,"column":8},"end":{"line":61,"column":null}}]}},"s":{"0":1,"1":1,"2":1,"3":1,"4":3,"5":3,"6":0,"7":3,"8":2,"9":1,"10":1,"11":3,"12":4,"13":2,"14":2,"15":1},"f":{"0":3,"1":0,"2":2,"3":4,"4":2,"5":2},"b":{"0":[1,1],"1":[1,2]}}
,"C:\\Users\\kate1\\OneDrive\\Документы\\programming\\RSReact\\rs projects\\react\\react-rs\\src\\components\\Pagination.tsx": {"path":"C:\\Users\\kate1\\OneDrive\\Документы\\programming\\RSReact\\rs projects\\react\\react-rs\\src\\components\\Pagination.tsx","statementMap":{"0":{"start":{"line":4,"column":46},"end":{"line":39,"column":1}},"1":{"start":{"line":9,"column":22},"end":{"line":9,"column":47}},"2":{"start":{"line":10,"column":25},"end":{"line":10,"column":50}},"3":{"start":{"line":12,"column":2},"end":{"line":38,"column":4}},"4":{"start":{"line":19,"column":29},"end":{"line":19,"column":58}},"5":{"start":{"line":29,"column":29},"end":{"line":29,"column":58}},"6":{"start":{"line":41,"column":0},"end":{"line":41,"column":26}}},"fnMap":{"0":{"name":"(anonymous_0)","decl":{"start":{"line":4,"column":46},"end":{"line":4,"column":47}},"loc":{"start":{"line":8,"column":5},"end":{"line":39,"column":1}}},"1":{"name":"(anonymous_1)","decl":{"start":{"line":19,"column":23},"end":{"line":19,"column":26}},"loc":{"start":{"line":19,"column":29},"end":{"line":19,"column":58}}},"2":{"name":"(anonymous_2)","decl":{"start":{"line":29,"column":23},"end":{"line":29,"column":26}},"loc":{"start":{"line":29,"column":29},"end":{"line":29,"column":58}}}},"branchMap":{"0":{"loc":{"start":{"line":15,"column":9},"end":{"line":34,"column":null}},"type":"binary-expr","locations":[{"start":{"line":15,"column":9},"end":{"line":15,"column":20}},{"start":{"line":16,"column":10},"end":{"line":33,"column":null}}]}},"s":{"0":1,"1":7,"2":7,"3":7,"4":1,"5":1,"6":1},"f":{"0":7,"1":1,"2":1},"b":{"0":[7,7]}}
,"C:\\Users\\kate1\\OneDrive\\Документы\\programming\\RSReact\\rs projects\\react\\react-rs\\src\\components\\ProfilePage.tsx": {"path":"C:\\Users\\kate1\\OneDrive\\Документы\\programming\\RSReact\\rs projects\\react\\react-rs\\src\\components\\ProfilePage.tsx","statementMap":{"0":{"start":{"line":2,"column":0},"end":{"line":2,"column":52}},"1":{"start":{"line":8,"column":48},"end":{"line":41,"column":1}},"2":{"start":{"line":9,"column":46},"end":{"line":9,"column":69}},"3":{"start":{"line":10,"column":17},"end":{"line":10,"column":33}},"4":{"start":{"line":12,"column":2},"end":{"line":19,"column":3}},"5":{"start":{"line":13,"column":4},"end":{"line":18,"column":6}},"6":{"start":{"line":21,"column":2},"end":{"line":23,"column":3}},"7":{"start":{"line":22,"column":4},"end":{"line":22,"column":48}},"8":{"start":{"line":25,"column":2},"end":{"line":27,"column":3}},"9":{"start":{"line":26,"column":4},"end":{"line":26,"column":40}},"10":{"start":{"line":29,"column":2},"end":{"line":40,"column":4}},"11":{"start":{"line":43,"column":0},"end":{"line":43,"column":27}}},"fnMap":{"0":{"name":"(anonymous_0)","decl":{"start":{"line":8,"column":48},"end":{"line":8,"column":49}},"loc":{"start":{"line":8,"column":61},"end":{"line":41,"column":1}}}},"branchMap":{"0":{"loc":{"start":{"line":10,"column":17},"end":{"line":10,"column":33}},"type":"cond-expr","locations":[{"start":{"line":10,"column":21},"end":{"line":10,"column":23}},{"start":{"line":10,"column":17},"end":{"line":10,"column":33}}]},"1":{"loc":{"start":{"line":10,"column":17},"end":{"line":10,"column":23}},"type":"binary-expr","locations":[{"start":{"line":10,"column":17},"end":{"line":10,"column":23}},{"start":{"line":10,"column":17},"end":{"line":10,"column":23}}]},"2":{"loc":{"start":{"line":12,"column":2},"end":{"line":19,"column":3}},"type":"if","locations":[{"start":{"line":12,"column":2},"end":{"line":19,"column":3}}]},"3":{"loc":{"start":{"line":21,"column":2},"end":{"line":23,"column":3}},"type":"if","locations":[{"start":{"line":21,"column":2},"end":{"line":23,"column":3}}]},"4":{"loc":{"start":{"line":25,"column":2},"end":{"line":27,"column":3}},"type":"if","locations":[{"start":{"line":25,"column":2},"end":{"line":27,"column":3}}]}},"s":{"0":1,"1":1,"2":3,"3":3,"4":3,"5":1,"6":2,"7":0,"8":2,"9":1,"10":1,"11":1},"f":{"0":3},"b":{"0":[1,2],"1":[3,2],"2":[1],"3":[0],"4":[1]}}
,"C:\\Users\\kate1\\OneDrive\\Документы\\programming\\RSReact\\rs projects\\react\\react-rs\\src\\components\\SearchSection.tsx": {"path":"C:\\Users\\kate1\\OneDrive\\Документы\\programming\\RSReact\\rs projects\\react\\react-rs\\src\\components\\SearchSection.tsx","statementMap":{"0":{"start":{"line":9,"column":52},"end":{"line":26,"column":1}},"1":{"start":{"line":14,"column":2},"end":{"line":25,"column":4}},"2":{"start":{"line":20,"column":25},"end":{"line":20,"column":59}},"3":{"start":{"line":28,"column":0},"end":{"line":28,"column":29}}},"fnMap":{"0":{"name":"(anonymous_0)","decl":{"start":{"line":9,"column":52},"end":{"line":9,"column":53}},"loc":{"start":{"line":13,"column":5},"end":{"line":26,"column":1}}},"1":{"name":"(anonymous_1)","decl":{"start":{"line":20,"column":18},"end":{"line":20,"column":19}},"loc":{"start":{"line":20,"column":25},"end":{"line":20,"column":59}}}},"branchMap":{},"s":{"0":1,"1":2,"2":1,"3":1},"f":{"0":2,"1":1},"b":{}}
,"C:\\Users\\kate1\\OneDrive\\Документы\\programming\\RSReact\\rs projects\\react\\react-rs\\src\\hooks\\useLocalStorage.ts": {"path":"C:\\Users\\kate1\\OneDrive\\Документы\\programming\\RSReact\\rs projects\\react\\react-rs\\src\\hooks\\useLocalStorage.ts","statementMap":{"0":{"start":{"line":1,"column":0},"end":{"line":1,"column":36}},"1":{"start":{"line":3,"column":24},"end":{"line":22,"column":1}},"2":{"start":{"line":4,"column":25},"end":{"line":7,"column":3}},"3":{"start":{"line":5,"column":24},"end":{"line":5,"column":49}},"4":{"start":{"line":6,"column":4},"end":{"line":6,"column":64}},"5":{"start":{"line":9,"column":16},"end":{"line":9,"column":32}},"6":{"start":{"line":10,"column":25},"end":{"line":18,"column":null}},"7":{"start":{"line":12,"column":6},"end":{"line":16,"column":7}},"8":{"start":{"line":13,"column":8},"end":{"line":13,"column":37}},"9":{"start":{"line":15,"column":8},"end":{"line":15,"column":60}},"10":{"start":{"line":21,"column":2},"end":{"line":21,"column":70}},"11":{"start":{"line":24,"column":0},"end":{"line":24,"column":31}}},"fnMap":{"0":{"name":"(anonymous_0)","decl":{"start":{"line":3,"column":24},"end":{"line":3,"column":25}},"loc":{"start":{"line":3,"column":62},"end":{"line":22,"column":1}}},"1":{"name":"(anonymous_1)","decl":{"start":{"line":4,"column":25},"end":{"line":4,"column":28}},"loc":{"start":{"line":4,"column":30},"end":{"line":7,"column":3}}},"2":{"name":"(anonymous_2)","decl":{"start":{"line":11,"column":4},"end":{"line":11,"column":5}},"loc":{"start":{"line":11,"column":25},"end":{"line":17,"column":5}}}},"branchMap":{"0":{"loc":{"start":{"line":6,"column":11},"end":{"line":6,"column":63}},"type":"cond-expr","locations":[{"start":{"line":6,"column":25},"end":{"line":6,"column":48}},{"start":{"line":6,"column":51},"end":{"line":6,"column":63}}]},"1":{"loc":{"start":{"line":12,"column":6},"end":{"line":16,"column":7}},"type":"if","locations":[{"start":{"line":12,"column":6},"end":{"line":16,"column":7}},{"start":{"line":14,"column":13},"end":{"line":16,"column":7}}]}},"s":{"0":1,"1":1,"2":4,"3":4,"4":4,"5":4,"6":4,"7":2,"8":1,"9":1,"10":4,"11":1},"f":{"0":4,"1":4,"2":2},"b":{"0":[2,2],"1":[1,1]}}
,"C:\\Users\\kate1\\OneDrive\\Документы\\programming\\RSReact\\rs projects\\react\\react-rs\\src\\services\\api.ts": {"path":"C:\\Users\\kate1\\OneDrive\\Документы\\programming\\RSReact\\rs projects\\react\\react-rs\\src\\services\\api.ts","statementMap":{"0":{"start":{"line":1,"column":0},"end":{"line":1,"column":73}},"1":{"start":{"line":4,"column":13},"end":{"line":19,"column":3}},"2":{"start":{"line":7,"column":27},"end":{"line":18,"column":4}},"3":{"start":{"line":13,"column":8},"end":{"line":13,"column":52}},"4":{"start":{"line":16,"column":23},"end":{"line":16,"column":47}},"5":{"start":{"line":21,"column":15},"end":{"line":21,"column":60}}},"fnMap":{"0":{"name":"(anonymous_0)","decl":{"start":{"line":7,"column":13},"end":{"line":7,"column":14}},"loc":{"start":{"line":7,"column":27},"end":{"line":18,"column":4}}},"1":{"name":"(anonymous_1)","decl":{"start":{"line":12,"column":13},"end":{"line":12,"column":14}},"loc":{"start":{"line":13,"column":8},"end":{"line":13,"column":52}}},"2":{"name":"(anonymous_2)","decl":{"start":{"line":16,"column":13},"end":{"line":16,"column":14}},"loc":{"start":{"line":16,"column":23},"end":{"line":16,"column":47}}}},"branchMap":{},"s":{"0":2,"1":2,"2":2,"3":0,"4":0,"5":2},"f":{"0":2,"1":0,"2":0},"b":{}}
,"C:\\Users\\kate1\\OneDrive\\Документы\\programming\\RSReact\\rs projects\\react\\react-rs\\src\\store\\peopleSlice.ts": {"path":"C:\\Users\\kate1\\OneDrive\\Документы\\programming\\RSReact\\rs projects\\react\\react-rs\\src\\store\\peopleSlice.ts","statementMap":{"0":{"start":{"line":1,"column":0},"end":{"line":1,"column":62}},"1":{"start":{"line":13,"column":34},"end":{"line":20,"column":2}},"2":{"start":{"line":22,"column":20},"end":{"line":57,"column":2}},"3":{"start":{"line":27,"column":6},"end":{"line":27,"column":40}},"4":{"start":{"line":30,"column":6},"end":{"line":30,"column":46}},"5":{"start":{"line":33,"column":6},"end":{"line":33,"column":41}},"6":{"start":{"line":36,"column":6},"end":{"line":36,"column":36}},"7":{"start":{"line":39,"column":6},"end":{"line":39,"column":40}},"8":{"start":{"line":42,"column":6},"end":{"line":46,"column":7}},"9":{"start":{"line":43,"column":44},"end":{"line":43,"column":77}},"10":{"start":{"line":45,"column":8},"end":{"line":45,"column":49}},"11":{"start":{"line":49,"column":6},"end":{"line":51,"column":8}},"12":{"start":{"line":50,"column":18},"end":{"line":50,"column":46}},"13":{"start":{"line":54,"column":6},"end":{"line":54,"column":31}},"14":{"start":{"line":59,"column":13},"end":{"line":67,"column":null}},"15":{"start":{"line":70,"column":0},"end":{"line":70,"column":35}}},"fnMap":{"0":{"name":"(anonymous_0)","decl":{"start":{"line":26,"column":4},"end":{"line":26,"column":17}},"loc":{"start":{"line":26,"column":54},"end":{"line":28,"column":5}}},"1":{"name":"(anonymous_1)","decl":{"start":{"line":29,"column":4},"end":{"line":29,"column":23}},"loc":{"start":{"line":29,"column":60},"end":{"line":31,"column":5}}},"2":{"name":"(anonymous_2)","decl":{"start":{"line":32,"column":4},"end":{"line":32,"column":18}},"loc":{"start":{"line":32,"column":55},"end":{"line":34,"column":5}}},"3":{"name":"(anonymous_3)","decl":{"start":{"line":35,"column":4},"end":{"line":35,"column":13}},"loc":{"start":{"line":35,"column":55},"end":{"line":37,"column":5}}},"4":{"name":"(anonymous_4)","decl":{"start":{"line":38,"column":4},"end":{"line":38,"column":17}},"loc":{"start":{"line":38,"column":54},"end":{"line":40,"column":5}}},"5":{"name":"(anonymous_5)","decl":{"start":{"line":41,"column":4},"end":{"line":41,"column":14}},"loc":{"start":{"line":41,"column":54},"end":{"line":47,"column":5}}},"6":{"name":"(anonymous_6)","decl":{"start":{"line":43,"column":34},"end":{"line":43,"column":35}},"loc":{"start":{"line":43,"column":44},"end":{"line":43,"column":77}}},"7":{"name":"(anonymous_7)","decl":{"start":{"line":48,"column":4},"end":{"line":48,"column":16}},"loc":{"start":{"line":48,"column":53},"end":{"line":52,"column":5}}},"8":{"name":"(anonymous_8)","decl":{"start":{"line":50,"column":8},"end":{"line":50,"column":9}},"loc":{"start":{"line":50,"column":18},"end":{"line":50,"column":46}}},"9":{"name":"(anonymous_9)","decl":{"start":{"line":53,"column":4},"end":{"line":53,"column":20}},"loc":{"start":{"line":53,"column":26},"end":{"line":55,"column":5}}}},"branchMap":{"0":{"loc":{"start":{"line":42,"column":6},"end":{"line":46,"column":7}},"type":"if","locations":[{"start":{"line":42,"column":6},"end":{"line":46,"column":7}}]}},"s":{"0":3,"1":3,"2":3,"3":1,"4":0,"5":0,"6":1,"7":1,"8":3,"9":1,"10":3,"11":1,"12":1,"13":1,"14":3,"15":3},"f":{"0":1,"1":0,"2":0,"3":1,"4":1,"5":3,"6":1,"7":1,"8":1,"9":1},"b":{"0":[3]}}
,"C:\\Users\\kate1\\OneDrive\\Документы\\programming\\RSReact\\rs projects\\react\\react-rs\\src\\store\\profileSlice.ts": {"path":"C:\\Users\\kate1\\OneDrive\\Документы\\programming\\RSReact\\rs projects\\react\\react-rs\\src\\store\\profileSlice.ts","statementMap":{"0":{"start":{"line":1,"column":0},"end":{"line":1,"column":80}},"1":{"start":{"line":10,"column":35},"end":{"line":14,"column":2}},"2":{"start":{"line":16,"column":13},"end":{"line":28,"column":2}},"3":{"start":{"line":19,"column":21},"end":{"line":20,"column":null}},"4":{"start":{"line":22,"column":4},"end":{"line":24,"column":5}},"5":{"start":{"line":23,"column":6},"end":{"line":23,"column":53}},"6":{"start":{"line":25,"column":17},"end":{"line":25,"column":38}},"7":{"start":{"line":26,"column":4},"end":{"line":26,"column":35}},"8":{"start":{"line":30,"column":21},"end":{"line":52,"column":2}},"9":{"start":{"line":35,"column":4},"end":{"line":50,"column":9}},"10":{"start":{"line":37,"column":8},"end":{"line":37,"column":29}},"11":{"start":{"line":38,"column":8},"end":{"line":38,"column":27}},"12":{"start":{"line":43,"column":10},"end":{"line":43,"column":32}},"13":{"start":{"line":44,"column":10},"end":{"line":44,"column":40}},"14":{"start":{"line":48,"column":8},"end":{"line":48,"column":30}},"15":{"start":{"line":49,"column":8},"end":{"line":49,"column":72}},"16":{"start":{"line":54,"column":0},"end":{"line":54,"column":36}}},"fnMap":{"0":{"name":"(anonymous_0)","decl":{"start":{"line":18,"column":2},"end":{"line":18,"column":7}},"loc":{"start":{"line":18,"column":25},"end":{"line":27,"column":3}}},"1":{"name":"(anonymous_1)","decl":{"start":{"line":34,"column":17},"end":{"line":34,"column":18}},"loc":{"start":{"line":34,"column":29},"end":{"line":51,"column":3}}},"2":{"name":"(anonymous_2)","decl":{"start":{"line":36,"column":37},"end":{"line":36,"column":38}},"loc":{"start":{"line":36,"column":47},"end":{"line":39,"column":7}}},"3":{"name":"(anonymous_3)","decl":{"start":{"line":42,"column":8},"end":{"line":42,"column":9}},"loc":{"start":{"line":42,"column":59},"end":{"line":45,"column":9}}},"4":{"name":"(anonymous_4)","decl":{"start":{"line":47,"column":38},"end":{"line":47,"column":39}},"loc":{"start":{"line":47,"column":56},"end":{"line":50,"column":7}}}},"branchMap":{"0":{"loc":{"start":{"line":22,"column":4},"end":{"line":24,"column":5}},"type":"if","locations":[{"start":{"line":22,"column":4},"end":{"line":24,"column":5}}]},"1":{"loc":{"start":{"line":26,"column":11},"end":{"line":26,"column":34}},"type":"binary-expr","locations":[{"start":{"line":26,"column":11},"end":{"line":26,"column":26}},{"start":{"line":26,"column":30},"end":{"line":26,"column":34}}]},"2":{"loc":{"start":{"line":49,"column":22},"end":{"line":49,"column":71}},"type":"binary-expr","locations":[{"start":{"line":49,"column":22},"end":{"line":49,"column":42}},{"start":{"line":49,"column":46},"end":{"line":49,"column":71}}]}},"s":{"0":1,"1":1,"2":1,"3":3,"4":2,"5":0,"6":2,"7":2,"8":1,"9":1,"10":3,"11":3,"12":2,"13":2,"14":1,"15":1,"16":1},"f":{"0":3,"1":1,"2":3,"3":2,"4":1},"b":{"0":[0],"1":[2,1],"2":[1,0]}}
,"C:\\Users\\kate1\\OneDrive\\Документы\\programming\\RSReact\\rs projects\\react\\react-rs\\src\\store\\store.ts": {"path":"C:\\Users\\kate1\\OneDrive\\Документы\\programming\\RSReact\\rs projects\\react\\react-rs\\src\\store\\store.ts","statementMap":{"0":{"start":{"line":20,"column":0},"end":{"line":20,"column":50}},"1":{"start":{"line":21,"column":0},"end":{"line":21,"column":42}},"2":{"start":{"line":22,"column":0},"end":{"line":22,"column":44}},"3":{"start":{"line":23,"column":0},"end":{"line":23,"column":38}},"4":{"start":{"line":25,"column":14},"end":{"line":33,"column":2}},"5":{"start":{"line":32,"column":4},"end":{"line":32,"column":49}},"6":{"start":{"line":38,"column":0},"end":{"line":38,"column":21}}},"fnMap":{"0":{"name":"(anonymous_1)","decl":{"start":{"line":31,"column":14},"end":{"line":31,"column":15}},"loc":{"start":{"line":32,"column":4},"end":{"line":32,"column":49}}}},"branchMap":{},"s":{"0":1,"1":1,"2":1,"3":1,"4":1,"5":1,"6":1},"f":{"0":1},"b":{}}
}
