TN:
SF:src\components\CardList.tsx
FN:11,(anonymous_0)
FN:23,(anonymous_1)
FNF:2
FNH:2
FNDA:2,(anonymous_0)
FNDA:2,(anonymous_1)
DA:2,1
DA:11,1
DA:16,2
DA:24,2
DA:39,1
LF:5
LH:5
BRDA:18,0,0,1
BRDA:18,0,1,1
BRF:2
BRH:2
end_of_record
TN:
SF:src\components\Pagination.tsx
FN:4,(anonymous_0)
FN:14,(anonymous_1)
FN:24,(anonymous_2)
FNF:3
FNH:3
FNDA:7,(anonymous_0)
FNDA:1,(anonymous_1)
FNDA:1,(anonymous_2)
DA:4,1
DA:9,7
DA:14,1
DA:24,1
DA:34,1
LF:5
LH:5
BRF:0
BRH:0
end_of_record
TN:
SF:src\components\ProfilePage.tsx
FN:8,(anonymous_0)
FN:13,(anonymous_1)
FN:15,(anonymous_2)
FN:21,(anonymous_3)
FN:25,(anonymous_4)
FN:28,(anonymous_5)
FNF:6
FNH:6
FNDA:8,(anonymous_0)
FNDA:4,(anonymous_1)
FNDA:3,(anonymous_2)
FNDA:3,(anonymous_3)
FNDA:1,(anonymous_4)
FNDA:4,(anonymous_5)
DA:1,1
DA:8,1
DA:9,8
DA:10,8
DA:11,8
DA:13,8
DA:14,4
DA:16,3
DA:17,0
DA:19,3
DA:22,3
DA:23,3
DA:26,1
DA:29,4
DA:33,8
DA:34,4
DA:42,4
DA:43,1
DA:46,3
DA:47,1
DA:50,2
DA:64,1
LF:22
LH:21
BRDA:16,0,0,0
BRDA:22,1,0,3
BRDA:22,1,1,1
BRDA:33,2,0,4
BRDA:42,3,0,1
BRDA:46,4,0,1
BRF:6
BRH:5
end_of_record
TN:
SF:src\components\SearchSection.tsx
FN:9,(anonymous_0)
FN:19,(anonymous_1)
FNF:2
FNH:2
FNDA:2,(anonymous_0)
FNDA:1,(anonymous_1)
DA:9,1
DA:14,2
DA:19,1
DA:27,1
LF:4
LH:4
BRF:0
BRH:0
end_of_record
