TN:
SF:src\components\CardList.tsx
FN:152,(anonymous_0)
FN:159,(anonymous_1)
FN:162,(anonymous_2)
FN:177,(anonymous_3)
FN:184,(anonymous_4)
FN:186,(anonymous_5)
FNF:6
FNH:5
FNDA:3,(anonymous_0)
FNDA:0,(anonymous_1)
FNDA:2,(anonymous_2)
FNDA:4,(anonymous_3)
FNDA:2,(anonymous_4)
FNDA:2,(anonymous_5)
DA:140,1
DA:141,1
DA:144,1
DA:152,1
DA:157,3
DA:158,3
DA:159,0
DA:162,3
DA:163,2
DA:164,1
DA:166,1
DA:170,3
DA:178,4
DA:184,2
DA:187,2
DA:206,1
LF:16
LH:15
BRDA:163,0,0,1
BRDA:163,0,1,1
BRDA:172,1,0,1
BRDA:172,1,1,2
BRF:4
BRH:4
end_of_record
TN:
SF:src\components\Pagination.tsx
FN:4,(anonymous_0)
FN:19,(anonymous_1)
FN:29,(anonymous_2)
FNF:3
FNH:3
FNDA:7,(anonymous_0)
FNDA:1,(anonymous_1)
FNDA:1,(anonymous_2)
DA:4,1
DA:9,7
DA:10,7
DA:12,7
DA:19,1
DA:29,1
DA:41,1
LF:7
LH:7
BRDA:15,0,0,7
BRDA:15,0,1,7
BRF:2
BRH:2
end_of_record
TN:
SF:src\components\ProfilePage.tsx
FN:8,(anonymous_0)
FNF:1
FNH:1
FNDA:3,(anonymous_0)
DA:2,1
DA:8,1
DA:9,3
DA:10,3
DA:12,3
DA:13,1
DA:21,2
DA:22,0
DA:25,2
DA:26,1
DA:29,1
DA:43,1
LF:12
LH:11
BRDA:10,0,0,1
BRDA:10,0,1,2
BRDA:10,1,0,3
BRDA:10,1,1,2
BRDA:12,2,0,1
BRDA:21,3,0,0
BRDA:25,4,0,1
BRF:7
BRH:6
end_of_record
TN:
SF:src\components\SearchSection.tsx
FN:9,(anonymous_0)
FN:20,(anonymous_1)
FNF:2
FNH:2
FNDA:2,(anonymous_0)
FNDA:1,(anonymous_1)
DA:9,1
DA:14,2
DA:20,1
DA:28,1
LF:4
LH:4
BRF:0
BRH:0
end_of_record
TN:
SF:src\services\api.ts
FN:7,(anonymous_0)
FN:12,(anonymous_1)
FN:16,(anonymous_2)
FNF:3
FNH:1
FNDA:1,(anonymous_0)
FNDA:0,(anonymous_1)
FNDA:0,(anonymous_2)
DA:1,1
DA:4,1
DA:7,1
DA:13,0
DA:16,0
DA:21,1
LF:6
LH:4
BRF:0
BRH:0
end_of_record
TN:
SF:src\store\peopleSlice.ts
FN:26,(anonymous_0)
FN:29,(anonymous_1)
FN:32,(anonymous_2)
FN:35,(anonymous_3)
FN:38,(anonymous_4)
FN:41,(anonymous_5)
FN:43,(anonymous_6)
FN:48,(anonymous_7)
FN:50,(anonymous_8)
FN:53,(anonymous_9)
FNF:10
FNH:8
FNDA:1,(anonymous_0)
FNDA:0,(anonymous_1)
FNDA:0,(anonymous_2)
FNDA:1,(anonymous_3)
FNDA:1,(anonymous_4)
FNDA:3,(anonymous_5)
FNDA:1,(anonymous_6)
FNDA:1,(anonymous_7)
FNDA:1,(anonymous_8)
FNDA:1,(anonymous_9)
DA:1,2
DA:13,2
DA:22,2
DA:27,1
DA:30,0
DA:33,0
DA:36,1
DA:39,1
DA:42,3
DA:43,1
DA:45,3
DA:49,1
DA:50,1
DA:54,1
DA:59,2
DA:70,2
LF:16
LH:14
BRDA:42,0,0,3
BRF:1
BRH:1
end_of_record
